<?xml version="1.0" encoding="UTF-8"?>
<testsuite xmlns:xsi="http://www.w3.org/2001/XMLSchema-instance" xsi:noNamespaceSchemaLocation="https://maven.apache.org/surefire/maven-surefire-plugin/xsd/surefire-test-report.xsd" version="3.0.2" name="runners.TestRunner" time="5.331" tests="1" errors="0" skipped="0" failures="1">
  <properties>
[...]
</properties>
  <testcase name="Example scenario" classname="Example" time="4.754">
    <failure message="expected: &lt;5&gt; but was: &lt;2&gt;" type="org.opentest4j.AssertionFailedError"><![CDATA[org.opentest4j.AssertionFailedError: expected: <5> but was: <2>
	at pages.GooglePage.navegarAGoogle(GooglePage.java:25)
	at steps.ExampleSteps.iNavigateToTheExamplePage(ExampleSteps.java:14)
	at ✽.I navigate to the example page(classpath:features/example.feature:5)
]]></failure>
    <system-out><![CDATA[
Scenario: Example scenario             &amp#27;[90m# features/example.feature:4&amp#27;[0m
  &amp#27;[31mGiven &amp#27;[0m&amp#27;[31mI navigate to the example page&amp#27;[0m &amp#27;[90m# steps.ExampleSteps.iNavigateToTheExamplePage()&amp#27;[0m
      &amp#27;[31morg.opentest4j.AssertionFailedError: expected: <5> but was: <2>
	at org.junit.jupiter.api.AssertionFailureBuilder.build(AssertionFailureBuilder.java:151)
	at org.junit.jupiter.api.AssertionFailureBuilder.buildAndThrow(AssertionFailureBuilder.java:132)
	at org.junit.jupiter.api.AssertEquals.failNotEqual(AssertEquals.java:197)
	at org.junit.jupiter.api.AssertEquals.assertEquals(AssertEquals.java:150)
	at org.junit.jupiter.api.AssertEquals.assertEquals(AssertEquals.java:145)
	at org.junit.jupiter.api.Assertions.assertEquals(Assertions.java:531)
	at pages.GooglePage.navegarAGoogle(GooglePage.java:25)
	at steps.ExampleSteps.iNavigateToTheExamplePage(ExampleSteps.java:14)
	at ✽.I navigate to the example page(classpath:features/example.feature:5)
&amp#27;[0m
]]></system-out>
    <system-err><![CDATA[SLF4J(W): No SLF4J providers were found.
SLF4J(W): Defaulting to no-operation (NOP) logger implementation
SLF4J(W): See https://www.slf4j.org/codes.html#noProviders for further details.
]]></system-err>
  </testcase>
</testsuite>